<?xml version="1.0" encoding="UTF-8"?>
<testsuites>
  <testsuite name="IAM Test Suite" tests="9" assertions="8" errors="0" failures="0" skipped="0" time="0.047433">
    <testsuite name="thiagovictorino\IAM\Test\Services\JWTServiceTest" file="/Volumes/300GB/www/thiagovictorino/laravel-iam/tests/Services/JWTServiceTest.php" tests="9" assertions="8" errors="0" failures="0" skipped="0" time="0.047433">
      <testcase name="test_JWTServiceTest_alg_not_supported_exception" class="thiagovictorino\IAM\Test\Services\JWTServiceTest" classname="thiagovictorino.IAM.Test.Services.JWTServiceTest" file="/Volumes/300GB/www/thiagovictorino/laravel-iam/tests/Services/JWTServiceTest.php" line="35" assertions="1" time="0.035936"/>
      <testcase name="test_JWTServiceTest_must_have_secret_exception" class="thiagovictorino\IAM\Test\Services\JWTServiceTest" classname="thiagovictorino.IAM.Test.Services.JWTServiceTest" file="/Volumes/300GB/www/thiagovictorino/laravel-iam/tests/Services/JWTServiceTest.php" line="43" assertions="1" time="0.000648"/>
      <testcase name="test_JWTServiceTest_getSignToken" class="thiagovictorino\IAM\Test\Services\JWTServiceTest" classname="thiagovictorino.IAM.Test.Services.JWTServiceTest" file="/Volumes/300GB/www/thiagovictorino/laravel-iam/tests/Services/JWTServiceTest.php" line="50" assertions="1" time="0.009560"/>
      <testcase name="test_JWTServiceTest_getJTIUniqueRandonKey" class="thiagovictorino\IAM\Test\Services\JWTServiceTest" classname="thiagovictorino.IAM.Test.Services.JWTServiceTest" file="/Volumes/300GB/www/thiagovictorino/laravel-iam/tests/Services/JWTServiceTest.php" line="69" assertions="1" time="0.000253"/>
      <testcase name="test_JWTServiceTest_decodeToken" class="thiagovictorino\IAM\Test\Services\JWTServiceTest" classname="thiagovictorino.IAM.Test.Services.JWTServiceTest" file="/Volumes/300GB/www/thiagovictorino/laravel-iam/tests/Services/JWTServiceTest.php" line="102" assertions="1" time="0.000215"/>
      <testcase name="test_JWTServiceTest_setExpiredToken" class="thiagovictorino\IAM\Test\Services\JWTServiceTest" classname="thiagovictorino.IAM.Test.Services.JWTServiceTest" file="/Volumes/300GB/www/thiagovictorino/laravel-iam/tests/Services/JWTServiceTest.php" line="113" assertions="0" time="0.000178"/>
      <testcase name="test_JWTServiceTest_WrongSignature" class="thiagovictorino\IAM\Test\Services\JWTServiceTest" classname="thiagovictorino.IAM.Test.Services.JWTServiceTest" file="/Volumes/300GB/www/thiagovictorino/laravel-iam/tests/Services/JWTServiceTest.php" line="124" assertions="1" time="0.000244"/>
      <testcase name="test_JWTServiceTest_brokenToken" class="thiagovictorino\IAM\Test\Services\JWTServiceTest" classname="thiagovictorino.IAM.Test.Services.JWTServiceTest" file="/Volumes/300GB/www/thiagovictorino/laravel-iam/tests/Services/JWTServiceTest.php" line="131" assertions="1" time="0.000139"/>
      <testcase name="test_JWTServiceTest_expiredToken" class="thiagovictorino\IAM\Test\Services\JWTServiceTest" classname="thiagovictorino.IAM.Test.Services.JWTServiceTest" file="/Volumes/300GB/www/thiagovictorino/laravel-iam/tests/Services/JWTServiceTest.php" line="138" assertions="1" time="0.000260"/>
    </testsuite>
  </testsuite>
</testsuites>
